<?xml version="1.0" encoding="UTF-8"?>
<!-- Generated by org.testng.reporters.JUnitXMLReporter -->
<testsuite ignored="3" hostname="Brijesh" failures="1" tests="3" name="Test" time="17.652" errors="0" timestamp="2023-02-21T15:47:48 EST">
  <testcase classname="test.BaseTest" name="@AfterTest teardown" time="-1.677012468689E9">
    <failure type="org.testng.TestNGException" message="
Can inject only one of &amp;lt;ITestContext, XmlTest&amp;gt; into a @AfterTest annotated teardown.
For more information on native dependency injection please refer to https://testng.org/doc/documentation-main.html#native-dependency-injection">
      <![CDATA[org.testng.TestNGException: 
Can inject only one of <ITestContext, XmlTest> into a @AfterTest annotated teardown.
For more information on native dependency injection please refer to https://testng.org/doc/documentation-main.html#native-dependency-injection
... Removed 21 stack frames]]>
    </failure>
  </testcase> <!-- @AfterTest teardown -->
  <testcase classname="test.AccountPermissionTest" name="verifycreateAccount" time="11.288"/>
  <testcase classname="test.LoginTest" name="verifyPageTitleTest" time="0.008">
    <failure type="java.lang.AssertionError" message="expected [Netsweeper A WebAdmin] but found [Netsweeper WebAdmin]">
      <![CDATA[java.lang.AssertionError: expected [Netsweeper A WebAdmin] but found [Netsweeper WebAdmin]
at test.LoginTest.verifyPageTitleTest(LoginTest.java:17)
at java.base/java.util.ArrayList.forEach(ArrayList.java:1511)
... Removed 33 stack frames]]>
    </failure>
  </testcase> <!-- verifyPageTitleTest -->
  <testcase classname="test.LoginTest" name="verifyLogo" time="0.51"/>
  <testcase classname="test.BaseTest" name="@AfterTest teardown" time="0.0">
    <ignored/>
  </testcase> <!-- @AfterTest teardown -->
  <testcase classname="test.BaseTest" name="@BeforeTest setExtent" time="0.0">
    <ignored/>
  </testcase> <!-- @BeforeTest setExtent -->
  <testcase classname="test.BaseTest" name="@AfterSuite endReport" time="0.0">
    <ignored/>
  </testcase> <!-- @AfterSuite endReport -->
</testsuite> <!-- Test -->
